# JRE version: OpenJDK Runtime Environment (21.0.4) (build 21.0.4+-12508038-b607.1)
# Java VM: OpenJDK 64-Bit Server VM (21.0.4+-12508038-b607.1, mixed mode, tiered, compressed oops, compressed class ptrs, g1 gc, windows-amd64)
GC Precious Log:
 CardTable entry size: 512
 Card Set container configuration: InlinePtr #cards 4 size 8 Array Of Cards #cards 16 size 48 Howl #buckets 8 coarsen threshold 3686 Howl Bitmap #cards 512 size 80 coarsen threshold 460 Card regions per heap region 1 cards per card region 4096
 CPUs: 16 total, 16 available
 Memory: 15709M
 Large Page Support: Disabled
 NUMA Support: Disabled
 Compressed Oops: Enabled (Zero based)
 Heap Region Size: 2M
 Heap Min Capacity: 8M
 Heap Initial Capacity: 246M
 Heap Max Capacity: 3928M
 Pre-touch: Disabled
 Parallel Workers: 13
 Concurrent Workers: 3
 Concurrent Refinement Workers: 13
 Periodic GC: Disabled
Heap:
 garbage-first heap   total 45056K, used 23760K [0x000000070a800000, 0x0000000800000000)
  region size 2048K, 5 young (10240K), 1 survivors (2048K)
 Metaspace       used 37855K, committed 38080K, reserved 1114112K
  class space    used 4498K, committed 4608K, reserved 1048576K
GC Heap History (12 events):
Event: 0.948 GC heap before
{Heap before GC invocations=0 (full 0):
 garbage-first heap   total 251904K, used 24576K [0x000000070a800000, 0x0000000800000000)
  region size 2048K, 11 young (22528K), 0 survivors (0K)
 Metaspace       used 13273K, committed 13440K, reserved 1114112K
  class space    used 1206K, committed 1280K, reserved 1048576K
}
Event: 0.954 GC heap after
{Heap after GC invocations=1 (full 0):
 garbage-first heap   total 251904K, used 6978K [0x000000070a800000, 0x0000000800000000)
  region size 2048K, 2 young (4096K), 2 survivors (4096K)
 Metaspace       used 13273K, committed 13440K, reserved 1114112K
  class space    used 1206K, committed 1280K, reserved 1048576K
}
Event: 1.816 GC heap before
{Heap before GC invocations=1 (full 0):
 garbage-first heap   total 251904K, used 31554K [0x000000070a800000, 0x0000000800000000)
  region size 2048K, 15 young (30720K), 2 survivors (4096K)
 Metaspace       used 21346K, committed 21504K, reserved 1114112K
  class space    used 2172K, committed 2240K, reserved 1048576K
}
Event: 1.821 GC heap after
{Heap after GC invocations=2 (full 0):
 garbage-first heap   total 251904K, used 8415K [0x000000070a800000, 0x0000000800000000)
  region size 2048K, 3 young (6144K), 3 survivors (6144K)
 Metaspace       used 21346K, committed 21504K, reserved 1114112K
  class space    used 2172K, committed 2240K, reserved 1048576K
}
Event: 2.389 GC heap before
{Heap before GC invocations=3 (full 0):
 garbage-first heap   total 34816K, used 32991K [0x000000070a800000, 0x0000000800000000)
  region size 2048K, 15 young (30720K), 3 survivors (6144K)
 Metaspace       used 25723K, committed 26048K, reserved 1114112K
  class space    used 2728K, committed 2880K, reserved 1048576K
}
Event: 2.400 GC heap after
{Heap after GC invocations=4 (full 0):
 garbage-first heap   total 45056K, used 14239K [0x000000070a800000, 0x0000000800000000)
  region size 2048K, 5 young (10240K), 5 survivors (10240K)
 Metaspace       used 25723K, committed 26048K, reserved 1114112K
  class space    used 2728K, committed 2880K, reserved 1048576K
}
Event: 2.814 GC heap before
{Heap before GC invocations=4 (full 0):
 garbage-first heap   total 45056K, used 30623K [0x000000070a800000, 0x0000000800000000)
  region size 2048K, 13 young (26624K), 5 survivors (10240K)
 Metaspace       used 30502K, committed 30784K, reserved 1114112K
  class space    used 3420K, committed 3520K, reserved 1048576K
}
Event: 2.829 GC heap after
{Heap after GC invocations=5 (full 0):
 garbage-first heap   total 45056K, used 15283K [0x000000070a800000, 0x0000000800000000)
  region size 2048K, 1 young (2048K), 1 survivors (2048K)
 Metaspace       used 30502K, committed 30784K, reserved 1114112K
  class space    used 3420K, committed 3520K, reserved 1048576K
}
Event: 3.393 GC heap before
{Heap before GC invocations=5 (full 0):
 garbage-first heap   total 45056K, used 33715K [0x000000070a800000, 0x0000000800000000)
  region size 2048K, 10 young (20480K), 1 survivors (2048K)
 Metaspace       used 34680K, committed 34944K, reserved 1114112K
  class space    used 4156K, committed 4288K, reserved 1048576K
}
Event: 3.400 GC heap after
{Heap after GC invocations=6 (full 0):
 garbage-first heap   total 45056K, used 17041K [0x000000070a800000, 0x0000000800000000)
  region size 2048K, 2 young (4096K), 2 survivors (4096K)
 Metaspace       used 34680K, committed 34944K, reserved 1114112K
  class space    used 4156K, committed 4288K, reserved 1048576K
}
Event: 3.530 GC heap before
{Heap before GC invocations=6 (full 0):
 garbage-first heap   total 45056K, used 21137K [0x000000070a800000, 0x0000000800000000)
  region size 2048K, 5 young (10240K), 2 survivors (4096K)
 Metaspace       used 35913K, committed 36096K, reserved 1114112K
  class space    used 4268K, committed 4352K, reserved 1048576K
}
Event: 3.537 GC heap after
{Heap after GC invocations=7 (full 0):
 garbage-first heap   total 45056K, used 17616K [0x000000070a800000, 0x0000000800000000)
  region size 2048K, 1 young (2048K), 1 survivors (2048K)
 Metaspace       used 35913K, committed 36096K, reserved 1114112K
  class space    used 4268K, committed 4352K, reserved 1048576K
}

