# JRE version: OpenJDK Runtime Environment (21.0.4) (build 21.0.4+-12508038-b607.1)
# Java VM: OpenJDK 64-Bit Server VM (21.0.4+-12508038-b607.1, mixed mode, tiered, compressed oops, compressed class ptrs, g1 gc, windows-amd64)
GC Precious Log:
 CardTable entry size: 512
 Card Set container configuration: InlinePtr #cards 4 size 8 Array Of Cards #cards 16 size 48 Howl #buckets 8 coarsen threshold 3686 Howl Bitmap #cards 512 size 80 coarsen threshold 460 Card regions per heap region 1 cards per card region 4096
 CPUs: 16 total, 16 available
 Memory: 15709M
 Large Page Support: Disabled
 NUMA Support: Disabled
 Compressed Oops: Enabled (Zero based)
 Heap Region Size: 2M
 Heap Min Capacity: 8M
 Heap Initial Capacity: 246M
 Heap Max Capacity: 3928M
 Pre-touch: Disabled
 Parallel Workers: 13
 Concurrent Workers: 3
 Concurrent Refinement Workers: 13
 Periodic GC: Disabled
Heap:
 garbage-first heap   total 149504K, used 85728K [0x000000070a800000, 0x0000000800000000)
  region size 2048K, 36 young (73728K), 1 survivors (2048K)
 Metaspace       used 50819K, committed 51072K, reserved 1114112K
  class space    used 5844K, committed 5952K, reserved 1048576K
GC Heap History (14 events):
Event: 0.900 GC heap before
{Heap before GC invocations=0 (full 0):
 garbage-first heap   total 251904K, used 24576K [0x000000070a800000, 0x0000000800000000)
  region size 2048K, 11 young (22528K), 0 survivors (0K)
 Metaspace       used 13147K, committed 13312K, reserved 1114112K
  class space    used 1181K, committed 1280K, reserved 1048576K
}
Event: 0.904 GC heap after
{Heap after GC invocations=1 (full 0):
 garbage-first heap   total 251904K, used 7119K [0x000000070a800000, 0x0000000800000000)
  region size 2048K, 2 young (4096K), 2 survivors (4096K)
 Metaspace       used 13147K, committed 13312K, reserved 1114112K
  class space    used 1181K, committed 1280K, reserved 1048576K
}
Event: 1.490 GC heap before
{Heap before GC invocations=1 (full 0):
 garbage-first heap   total 251904K, used 31695K [0x000000070a800000, 0x0000000800000000)
  region size 2048K, 16 young (32768K), 2 survivors (4096K)
 Metaspace       used 21341K, committed 21504K, reserved 1114112K
  class space    used 2172K, committed 2240K, reserved 1048576K
}
Event: 1.495 GC heap after
{Heap after GC invocations=2 (full 0):
 garbage-first heap   total 251904K, used 8580K [0x000000070a800000, 0x0000000800000000)
  region size 2048K, 3 young (6144K), 3 survivors (6144K)
 Metaspace       used 21341K, committed 21504K, reserved 1114112K
  class space    used 2172K, committed 2240K, reserved 1048576K
}
Event: 2.164 GC heap before
{Heap before GC invocations=3 (full 0):
 garbage-first heap   total 34816K, used 33156K [0x000000070a800000, 0x0000000800000000)
  region size 2048K, 15 young (30720K), 3 survivors (6144K)
 Metaspace       used 25799K, committed 26112K, reserved 1114112K
  class space    used 2734K, committed 2880K, reserved 1048576K
}
Event: 2.177 GC heap after
{Heap after GC invocations=4 (full 0):
 garbage-first heap   total 45056K, used 14211K [0x000000070a800000, 0x0000000800000000)
  region size 2048K, 5 young (10240K), 5 survivors (10240K)
 Metaspace       used 25799K, committed 26112K, reserved 1114112K
  class space    used 2734K, committed 2880K, reserved 1048576K
}
Event: 2.570 GC heap before
{Heap before GC invocations=4 (full 0):
 garbage-first heap   total 45056K, used 30595K [0x000000070a800000, 0x0000000800000000)
  region size 2048K, 13 young (26624K), 5 survivors (10240K)
 Metaspace       used 30131K, committed 30400K, reserved 1114112K
  class space    used 3305K, committed 3392K, reserved 1048576K
}
Event: 2.582 GC heap after
{Heap after GC invocations=5 (full 0):
 garbage-first heap   total 45056K, used 15021K [0x000000070a800000, 0x0000000800000000)
  region size 2048K, 1 young (2048K), 1 survivors (2048K)
 Metaspace       used 30131K, committed 30400K, reserved 1114112K
  class space    used 3305K, committed 3392K, reserved 1048576K
}
Event: 3.196 GC heap before
{Heap before GC invocations=5 (full 0):
 garbage-first heap   total 45056K, used 31405K [0x000000070a800000, 0x0000000800000000)
  region size 2048K, 10 young (20480K), 1 survivors (2048K)
 Metaspace       used 34548K, committed 34816K, reserved 1114112K
  class space    used 4148K, committed 4224K, reserved 1048576K
}
Event: 3.203 GC heap after
{Heap after GC invocations=6 (full 0):
 garbage-first heap   total 45056K, used 16749K [0x000000070a800000, 0x0000000800000000)
  region size 2048K, 2 young (4096K), 2 survivors (4096K)
 Metaspace       used 34548K, committed 34816K, reserved 1114112K
  class space    used 4148K, committed 4224K, reserved 1048576K
}
Event: 3.352 GC heap before
{Heap before GC invocations=6 (full 0):
 garbage-first heap   total 45056K, used 22893K [0x000000070a800000, 0x0000000800000000)
  region size 2048K, 6 young (12288K), 2 survivors (4096K)
 Metaspace       used 35877K, committed 36096K, reserved 1114112K
  class space    used 4268K, committed 4352K, reserved 1048576K
}
Event: 3.357 GC heap after
{Heap after GC invocations=7 (full 0):
 garbage-first heap   total 45056K, used 17604K [0x000000070a800000, 0x0000000800000000)
  region size 2048K, 1 young (2048K), 1 survivors (2048K)
 Metaspace       used 35877K, committed 36096K, reserved 1114112K
  class space    used 4268K, committed 4352K, reserved 1048576K
}
Event: 3.908 GC heap before
{Heap before GC invocations=8 (full 0):
 garbage-first heap   total 45056K, used 33988K [0x000000070a800000, 0x0000000800000000)
  region size 2048K, 10 young (20480K), 1 survivors (2048K)
 Metaspace       used 40912K, committed 41216K, reserved 1114112K
  class space    used 4806K, committed 4928K, reserved 1048576K
}
Event: 3.912 GC heap after
{Heap after GC invocations=9 (full 0):
 garbage-first heap   total 149504K, used 18144K [0x000000070a800000, 0x0000000800000000)
  region size 2048K, 1 young (2048K), 1 survivors (2048K)
 Metaspace       used 40912K, committed 41216K, reserved 1114112K
  class space    used 4806K, committed 4928K, reserved 1048576K
}

